448b34771b92:python3 -u "/opt/project/running example for the algorithm/initialize_mdp_verifying_example.py"
done initialize dfa.
100%|██████████| 3/3 [00:00<00:00, 78643.20it/s]
100%|██████████| 7/7 [00:00<00:00, 39729.54it/s]

DEBUG: Weak Preference

DEBUG: MDP transitions
A -- l, 0.5 --> B
A -- l, 0.5 --> C
A -- r, 1.0 --> C
B -- l, 1.0 --> B
B -- r, 1.0 --> B
C -- l, 1.0 --> B
C -- r, 1.0 --> C

DEBUG: DFA transitions
(1, 1) -- b --> (0, 1)
(1, 0) -- b --> (0, 0)
(0, 1) -- c --> (0, 0)
(1, 1) -- c --> (1, 0)
(1, 0) -- !b --> (1, 0)
(0, 1) -- !c --> (0, 1)
(1, 1) -- !b,!c --> (1, 1)
(0, 0) -- 1 --> (0, 0)

DEBUG: Product MDP transitions
('A', (0, 0)) -- l, 0.5 --> ('B', (0, 0))
('A', (0, 0)) -- l, 0.5 --> ('C', (0, 0))
('A', (0, 1)) -- l, 0.5 --> ('B', (0, 1))
('A', (0, 1)) -- l, 0.5 --> ('C', (0, 0))
('A', (1, 1)) -- l, 0.5 --> ('B', (0, 1))
('A', (1, 1)) -- l, 0.5 --> ('C', (1, 0))
('A', (1, 0)) -- l, 0.5 --> ('B', (0, 0))
('A', (1, 0)) -- l, 0.5 --> ('C', (1, 0))
('A', (0, 0)) -- r, 1.0 --> ('C', (0, 0))
('A', (0, 1)) -- r, 1.0 --> ('C', (0, 0))
('A', (1, 1)) -- r, 1.0 --> ('C', (1, 0))
('A', (1, 0)) -- r, 1.0 --> ('C', (1, 0))
('B', (0, 0)) -- l, 1.0 --> ('B', (0, 0))
('B', (0, 1)) -- l, 1.0 --> ('B', (0, 1))
('B', (1, 0)) -- l, 1.0 --> ('B', (0, 0))
('B', (0, 0)) -- r, 1.0 --> ('B', (0, 0))
('B', (0, 1)) -- r, 1.0 --> ('B', (0, 1))
('B', (1, 0)) -- r, 1.0 --> ('B', (0, 0))
('C', (0, 0)) -- l, 1.0 --> ('B', (0, 0))
('C', (0, 1)) -- l, 1.0 --> ('B', (0, 1))
('C', (1, 1)) -- l, 1.0 --> ('B', (0, 1))
('C', (1, 0)) -- l, 1.0 --> ('B', (0, 0))
('C', (0, 0)) -- r, 1.0 --> ('C', (0, 0))
('C', (0, 1)) -- r, 1.0 --> ('C', (0, 0))
('C', (1, 1)) -- r, 1.0 --> ('C', (1, 0))
('C', (1, 0)) -- r, 1.0 --> ('C', (1, 0))

Process finished with exit code 0
